#
# A fatal error has been detected by the Java Runtime Environment:
#
#  EXCEPTION_ACCESS_VIOLATION (0xc0000005) at pc=0x00007ffb602f2a8f, pid=10160, tid=13180
#
# JRE version: OpenJDK Runtime Environment Temurin-11.0.12+7 (11.0.12+7) (build 11.0.12+7)
# Java VM: OpenJDK 64-Bit Server VM Temurin-11.0.12+7 (11.0.12+7, mixed mode, tiered, compressed oops, parallel gc, windows-amd64)
# Problematic frame:
# V  [jvm.dll+0x372a8f]
#
# No core dump will be written. Minidumps are not enabled by default on client versions of Windows
#
# If you would like to submit a bug report, please visit:
#   https://github.com/adoptium/adoptium-support/issues
#

---------------  S U M M A R Y ------------

Command Line: --add-modules=ALL-SYSTEM --add-opens=java.base/java.util=ALL-UNNAMED --add-opens=java.base/java.lang=ALL-UNNAMED -Declipse.application=org.eclipse.jdt.ls.core.id1 -Dosgi.bundles.defaultStartLevel=4 -Declipse.product=org.eclipse.jdt.ls.core.product -Djava.import.generatesMetadataFilesAtProjectRoot=false -Dfile.encoding=utf8 -DwatchParentProcess=false -XX:+UseParallelGC -XX:GCTimeRatio=4 -XX:AdaptiveSizePolicyWeight=90 -Dsun.zip.disableMemoryMapping=true -Xmx1G -Xms100m -Xverify:none c:\Users\theiv\.vscode\extensions\redhat.java-1.1.0\server\plugins\org.eclipse.equinox.launcher_1.6.400.v20210924-0641.jar -configuration c:\Users\theiv\AppData\Roaming\Code\User\globalStorage\redhat.java\1.1.0\config_ss_win -data c:\Users\theiv\AppData\Roaming\Code\User\workspaceStorage\c9ce59cf0327ba72e3c3a721fcae47cb\redhat.java\ss_ws

Host: Intel(R) Core(TM) i5-1035G1 CPU @ 1.00GHz, 8 cores, 11G,  Windows 10 , 64 bit Build 22000 (10.0.22000.318)
Time: Thu Dec 16 01:20:23 2021 Hora estándar central (México) elapsed time: 14.568579 seconds (0d 0h 0m 14s)

---------------  T H R E A D  ---------------

Current thread (0x000001c56466f800):  JavaThread "pool-1-thread-1" [_thread_in_vm, id=13180, stack(0x00000058c1e00000,0x00000058c1f00000)]

Stack: [0x00000058c1e00000,0x00000058c1f00000],  sp=0x00000058c1efd670,  free space=1013k
Native frames: (J=compiled Java code, j=interpreted, Vv=VM code, C=native code)
V  [jvm.dll+0x372a8f]
C  0x000001c54fdedd6d

Java frames: (J=compiled Java code, j=interpreted, Vv=VM code)
j  org.eclipse.jdt.internal.compiler.parser.Scanner.getNextToken0()I+93
j  org.eclipse.jdt.internal.compiler.parser.Scanner.getNextToken()I+47
j  org.eclipse.jdt.internal.compiler.parser.Parser.fetchNextToken()I+4
j  org.eclipse.jdt.internal.compiler.parser.Parser.parse()V+329
j  org.eclipse.jdt.internal.compiler.parser.Parser.parse(Lorg/eclipse/jdt/internal/compiler/env/ICompilationUnit;Lorg/eclipse/jdt/internal/compiler/CompilationResult;II)Lorg/eclipse/jdt/internal/compiler/ast/CompilationUnitDeclaration;+178
j  org.eclipse.jdt.internal.compiler.parser.Parser.parse(Lorg/eclipse/jdt/internal/compiler/env/ICompilationUnit;Lorg/eclipse/jdt/internal/compiler/CompilationResult;)Lorg/eclipse/jdt/internal/compiler/ast/CompilationUnitDeclaration;+5
j  org.eclipse.jdt.internal.compiler.SourceElementParser.parseCompilationUnit(Lorg/eclipse/jdt/internal/compiler/env/ICompilationUnit;ZLorg/eclipse/core/runtime/IProgressMonitor;)Lorg/eclipse/jdt/internal/compiler/ast/CompilationUnitDeclaration;+53
j  org.eclipse.jdt.internal.core.CompilationUnit.buildStructure(Lorg/eclipse/jdt/internal/core/OpenableElementInfo;Lorg/eclipse/core/runtime/IProgressMonitor;Ljava/util/Map;Lorg/eclipse/core/resources/IResource;)Z+523
J 3146 c1 org.eclipse.jdt.internal.core.Openable.generateInfos(Ljava/lang/Object;Ljava/util/HashMap;Lorg/eclipse/core/runtime/IProgressMonitor;)V (281 bytes) @ 0x000001c5509bafbc [0x000001c5509b99a0+0x000000000000161c]
J 3159 c1 org.eclipse.jdt.internal.core.JavaElement.openWhenClosed(Ljava/lang/Object;ZLorg/eclipse/core/runtime/IProgressMonitor;)Ljava/lang/Object; (169 bytes) @ 0x000001c5509c7374 [0x000001c5509c6cc0+0x00000000000006b4]
j  org.eclipse.jdt.internal.core.BecomeWorkingCopyOperation.executeOperation()V+29
j  org.eclipse.jdt.internal.core.JavaModelOperation.run(Lorg/eclipse/core/runtime/IProgressMonitor;)V+55
j  org.eclipse.jdt.internal.core.JavaModelOperation.runOperation(Lorg/eclipse/core/runtime/IProgressMonitor;)V+32
j  org.eclipse.jdt.internal.core.CompilationUnit.becomeWorkingCopy(Lorg/eclipse/jdt/core/IProblemRequestor;Lorg/eclipse/core/runtime/IProgressMonitor;)V+37
j  org.eclipse.jdt.internal.core.CompilationUnit.becomeWorkingCopy(Lorg/eclipse/core/runtime/IProgressMonitor;)V+23
j  org.eclipse.jdt.ls.core.internal.handlers.BaseDocumentLifeCycleHandler.handleOpen(Lorg/eclipse/lsp4j/DidOpenTextDocumentParams;)Lorg/eclipse/jdt/core/ICompilationUnit;+144
j  org.eclipse.jdt.ls.core.internal.handlers.BaseDocumentLifeCycleHandler$5.run(Lorg/eclipse/core/runtime/IProgressMonitor;)V+8
j  org.eclipse.core.internal.resources.Workspace.run(Lorg/eclipse/core/runtime/ICoreRunnable;Lorg/eclipse/core/runtime/jobs/ISchedulingRule;ILorg/eclipse/core/runtime/IProgressMonitor;)V+69
j  org.eclipse.core.internal.resources.Workspace.run(Lorg/eclipse/core/resources/IWorkspaceRunnable;Lorg/eclipse/core/runtime/jobs/ISchedulingRule;ILorg/eclipse/core/runtime/IProgressMonitor;)V+6
j  org.eclipse.jdt.ls.core.internal.handlers.BaseDocumentLifeCycleHandler.didOpen(Lorg/eclipse/lsp4j/DidOpenTextDocumentParams;)V+59
j  org.eclipse.jdt.ls.core.internal.syntaxserver.SyntaxLanguageServer.didOpen(Lorg/eclipse/lsp4j/DidOpenTextDocumentParams;)V+11
v  ~StubRoutines::call_stub
j  jdk.internal.reflect.NativeMethodAccessorImpl.invoke0(Ljava/lang/reflect/Method;Ljava/lang/Object;[Ljava/lang/Object;)Ljava/lang/Object;+0 java.base@11.0.12
j  jdk.internal.reflect.NativeMethodAccessorImpl.invoke(Ljava/lang/Object;[Ljava/lang/Object;)Ljava/lang/Object;+100 java.base@11.0.12
J 989 c1 jdk.internal.reflect.DelegatingMethodAccessorImpl.invoke(Ljava/lang/Object;[Ljava/lang/Object;)Ljava/lang/Object; java.base@11.0.12 (10 bytes) @ 0x000001c550519f3c [0x000001c550519e40+0x00000000000000fc]
J 988 c1 java.lang.reflect.Method.invoke(Ljava/lang/Object;[Ljava/lang/Object;)Ljava/lang/Object; java.base@11.0.12 (65 bytes) @ 0x000001c5505199cc [0x000001c5505196a0+0x000000000000032c]
j  org.eclipse.lsp4j.jsonrpc.services.GenericEndpoint.lambda$null$0(Lorg/eclipse/lsp4j/jsonrpc/services/AnnotationUtil$MethodInfo;Ljava/lang/Object;Ljava/lang/Object;)Ljava/util/concurrent/CompletableFuture;+20
j  org.eclipse.lsp4j.jsonrpc.services.GenericEndpoint$$Lambda$169.apply(Ljava/lang/Object;)Ljava/lang/Object;+13
j  org.eclipse.lsp4j.jsonrpc.services.GenericEndpoint.notify(Ljava/lang/String;Ljava/lang/Object;)V+18
j  org.eclipse.lsp4j.jsonrpc.RemoteEndpoint.handleNotification(Lorg/eclipse/lsp4j/jsonrpc/messages/NotificationMessage;)V+20
j  org.eclipse.lsp4j.jsonrpc.RemoteEndpoint.consume(Lorg/eclipse/lsp4j/jsonrpc/messages/Message;)V+14
j  org.eclipse.lsp4j.jsonrpc.json.StreamMessageProducer.handleMessage(Ljava/io/InputStream;Lorg/eclipse/lsp4j/jsonrpc/json/StreamMessageProducer$Headers;)Z+99
j  org.eclipse.lsp4j.jsonrpc.json.StreamMessageProducer.listen(Lorg/eclipse/lsp4j/jsonrpc/MessageConsumer;)V+158
j  org.eclipse.lsp4j.jsonrpc.json.ConcurrentMessageProcessor.run()V+12
j  java.util.concurrent.Executors$RunnableAdapter.call()Ljava/lang/Object;+4 java.base@11.0.12
j  java.util.concurrent.FutureTask.run()V+39 java.base@11.0.12
j  java.util.concurrent.ThreadPoolExecutor.runWorker(Ljava/util/concurrent/ThreadPoolExecutor$Worker;)V+92 java.base@11.0.12
j  java.util.concurrent.ThreadPoolExecutor$Worker.run()V+5 java.base@11.0.12
j  java.lang.Thread.run()V+11 java.base@11.0.12
v  ~StubRoutines::call_stub

siginfo: EXCEPTION_ACCESS_VIOLATION (0xc0000005), reading address 0x00000000eca6eb24


Register to memory mapping:

RIP=0x00007ffb602f2a8f jvm.dll
RAX=0x000000000000000c is an unknown value
RBX=0x00000000eca6eb18 is an unallocated location in the heap
RCX=0x00000058c1efd6b0 is pointing into the stack for thread: 0x000001c56466f800
RDX=0x00007ffb607e8e98 jvm.dll
RSP=0x00000058c1efd670 is pointing into the stack for thread: 0x000001c56466f800
RBP=0x000001c562a20a50 points into unknown readable memory: 0x0000000000000000 | 00 00 00 00 00 00 00 00
RSI=0x000001c564b57be0 points into unknown readable memory: 0x0000000000000002 | 02 00 00 00 00 00 00 00
RDI=0x000001c56466f800 is a thread
R8 =0x0000000000000791 is an unknown value
R9 =0x0000000000000006 is an unknown value
R10=0x000001c5646290d0 points into unknown readable memory: 0x0000003c00000005 | 05 00 00 00 3c 00 00 00
R11=0x00000058c1efd660 is pointing into the stack for thread: 0x000001c56466f800
R12=0x0000000000000791 is an unknown value
R13=0x00000000000003d8 is an unknown value
R14=0x000001c562a20a60 points into unknown readable memory: 0x000001c564035db4 | b4 5d 03 64 c5 01 00 00
R15=0x000001c562a20e38 points into unknown readable memory: 0x88000100f8dd7edb | db 7e dd f8 00 01 00 88


Registers:
RAX=0x000000000000000c, RBX=0x00000000eca6eb18, RCX=0x00000058c1efd6b0, RDX=0x00007ffb607e8e98
RSP=0x00000058c1efd670, RBP=0x000001c562a20a50, RSI=0x000001c564b57be0, RDI=0x000001c56466f800
R8 =0x0000000000000791, R9 =0x0000000000000006, R10=0x000001c5646290d0, R11=0x00000058c1efd660
R12=0x0000000000000791, R13=0x00000000000003d8, R14=0x000001c562a20a60, R15=0x000001c562a20e38
RIP=0x00007ffb602f2a8f, EFLAGS=0x0000000000010202

Top of Stack: (sp=0x00000058c1efd670)
0x00000058c1efd670:   000001c566ccca30 00000000eca6eb18
0x00000058c1efd680:   000000000000007d 000001c56466f800
0x00000058c1efd690:   000001c56f4b31c8 00007ffb60552bb0
0x00000058c1efd6a0:   000001c56466f800 00000000ffffffff
0x00000058c1efd6b0:   00007ffb6085bdf0 0000005000000000
0x00000058c1efd6c0:   0000000000000000 0000000000000000
0x00000058c1efd6d0:   0000000000000000 0000000000000000
0x00000058c1efd6e0:   0000000000000000 00000058c1efd701
0x00000058c1efd6f0:   0000000000000000 0000000000000030
0x00000058c1efd700:   000001c56f4b0000 000001c56466f800
0x00000058c1efd710:   000001c56f4b31c8 000001c56466f800
0x00000058c1efd720:   000001c5705aeed0 00007ffb60656485
0x00000058c1efd730:   000001c5649b9120 0000000000000000
0x00000058c1efd740:   0000393542970a53 000001c5000000b6
0x00000058c1efd750:   000001c56466f800 00000058c1efd880
0x00000058c1efd760:   000001c566ccba1d 0000000000000000 

Instructions: (pc=0x00007ffb602f2a8f)
0x00007ffb602f298f:   00 00 00 75 1a 8b 83 d8 00 00 00 c1 e8 1d a8 01
0x00007ffb602f299f:   75 0d 8b 83 d8 00 00 00 c1 e8 02 a8 01 74 0a b2
0x00007ffb602f29af:   01 48 8b cb e8 a8 7f 3d 00 48 8b 9c 24 80 00 00
0x00007ffb602f29bf:   00 48 83 c4 40 41 5f 41 5e 5f 5e 5d c3 cc cc cc
0x00007ffb602f29cf:   cc 4c 8b dc 57 48 81 ec 10 01 00 00 48 8b 05 26
0x00007ffb602f29df:   e5 6d 00 48 33 c4 48 89 84 24 d0 00 00 00 49 89
0x00007ffb602f29ef:   5b 20 48 8b f9 49 89 73 e8 48 8b da 4d 89 63 e0
0x00007ffb602f29ff:   ba 03 00 00 00 45 8b e0 48 89 4c 24 30 4c 8b c1
0x00007ffb602f2a0f:   c7 81 c0 03 00 00 06 00 00 00 e8 42 da ff ff 48
0x00007ffb602f2a1f:   83 7f 08 00 0f 85 ed 00 00 00 48 8b b7 78 02 00
0x00007ffb602f2a2f:   00 48 8d 4c 24 40 48 89 ac 24 08 01 00 00 33 d2
0x00007ffb602f2a3f:   4c 89 ac 24 f0 00 00 00 4c 89 b4 24 e8 00 00 00
0x00007ffb602f2a4f:   48 8b 6e 10 4c 8b 76 18 4c 8b 6e 28 4c 89 bc 24
0x00007ffb602f2a5f:   e0 00 00 00 4c 8b 7e 20 e8 b4 fc 28 00 80 3d ee
0x00007ffb602f2a6f:   11 71 00 00 48 8d 15 1e 64 4f 00 b9 0c 00 00 00
0x00007ffb602f2a7f:   b8 10 00 00 00 0f 45 c1 45 8b c4 48 8d 4c 24 40
0x00007ffb602f2a8f:   44 8b 0c 18 e8 f8 13 29 00 48 8b 1d 81 86 74 00
0x00007ffb602f2a9f:   48 8d 4c 24 40 e8 37 04 29 00 4c 8b cb 48 89 44
0x00007ffb602f2aaf:   24 20 41 b8 bc 01 00 00 48 8d 15 d2 d1 52 00 48
0x00007ffb602f2abf:   8b cf e8 3a 7d f5 ff 48 8d 4c 24 40 e8 a0 fd 28
0x00007ffb602f2acf:   00 48 83 7d 00 00 74 13 49 8b d5 48 8b ce e8 0e
0x00007ffb602f2adf:   ff d4 ff 48 8b cd e8 76 fe d4 ff 4c 8b ac 24 f0
0x00007ffb602f2aef:   00 00 00 48 89 6e 10 48 8b ac 24 08 01 00 00 4c
0x00007ffb602f2aff:   89 76 18 4c 8b b4 24 e8 00 00 00 4c 89 7e 20 4c
0x00007ffb602f2b0f:   8b bc 24 e0 00 00 00 48 8b 9f f0 00 00 00 4c 8b
0x00007ffb602f2b1f:   a4 24 f8 00 00 00 48 8b 43 10 48 8b 73 08 48 83
0x00007ffb602f2b2f:   38 00 74 19 48 8b 53 28 48 8b ce e8 b1 fe d4 ff
0x00007ffb602f2b3f:   48 8b 4b 10 e8 18 fe d4 ff 48 8b 43 10 48 89 46
0x00007ffb602f2b4f:   10 48 8b 43 18 48 89 46 18 48 8b 43 20 48 8b 9c
0x00007ffb602f2b5f:   24 38 01 00 00 48 89 46 20 83 bf 08 04 00 00 02
0x00007ffb602f2b6f:   48 8b b4 24 00 01 00 00 75 08 48 8b cf e8 9f 72
0x00007ffb602f2b7f:   3d 00 ba 06 00 00 00 48 8d 4c 24 30 44 8d 42 02 


Stack slot to memory mapping:
stack at sp + 0 slots: {method} {0x000001c566ccca38} 'getNextToken0' '()I' in 'org/eclipse/jdt/internal/compiler/parser/Scanner'
stack at sp + 1 slots: 0x00000000eca6eb18 is an unallocated location in the heap
stack at sp + 2 slots: 0x000000000000007d is an unknown value
stack at sp + 3 slots: 0x000001c56466f800 is a thread
stack at sp + 4 slots: {method} {0x000001c56f4b31d0} 'consumeClassBodyDeclarationsopt' '()V' in 'org/eclipse/jdt/internal/compiler/parser/Parser'
stack at sp + 5 slots: 0x00007ffb60552bb0 jvm.dll
stack at sp + 6 slots: 0x000001c56466f800 is a thread
stack at sp + 7 slots: 0x00000000ffffffff is an unallocated location in the heap


---------------  P R O C E S S  ---------------

Threads class SMR info:
_java_thread_list=0x000001c5645ed8d0, length=20, elements={
0x000001c5476bb800, 0x000001c54778d800, 0x000001c5617c5800, 0x000001c562874800,
0x000001c562875800, 0x000001c5617da800, 0x000001c5617dc000, 0x000001c5617de800,
0x000001c56282b800, 0x000001c5629d1000, 0x000001c562bd3000, 0x000001c564029800,
0x000001c563eab800, 0x000001c563ede800, 0x000001c5640ab800, 0x000001c56498c800,
0x000001c562b4b000, 0x000001c562b7b000, 0x000001c56466f800, 0x000001c56466c800
}

Java Threads: ( => current thread )
  0x000001c5476bb800 JavaThread "main" [_thread_blocked, id=13608, stack(0x00000058c0900000,0x00000058c0a00000)]
  0x000001c54778d800 JavaThread "Reference Handler" daemon [_thread_blocked, id=8140, stack(0x00000058c0c00000,0x00000058c0d00000)]
  0x000001c5617c5800 JavaThread "Finalizer" daemon [_thread_blocked, id=9556, stack(0x00000058c0d00000,0x00000058c0e00000)]
  0x000001c562874800 JavaThread "Signal Dispatcher" daemon [_thread_blocked, id=16740, stack(0x00000058c0e00000,0x00000058c0f00000)]
  0x000001c562875800 JavaThread "Attach Listener" daemon [_thread_blocked, id=11220, stack(0x00000058c0f00000,0x00000058c1000000)]
  0x000001c5617da800 JavaThread "Service Thread" daemon [_thread_blocked, id=10348, stack(0x00000058c1000000,0x00000058c1100000)]
  0x000001c5617dc000 JavaThread "C2 CompilerThread0" daemon [_thread_blocked, id=13736, stack(0x00000058c1100000,0x00000058c1200000)]
  0x000001c5617de800 JavaThread "C1 CompilerThread0" daemon [_thread_blocked, id=13660, stack(0x00000058c1200000,0x00000058c1300000)]
  0x000001c56282b800 JavaThread "Sweeper thread" daemon [_thread_blocked, id=5844, stack(0x00000058c1300000,0x00000058c1400000)]
  0x000001c5629d1000 JavaThread "Common-Cleaner" daemon [_thread_blocked, id=5940, stack(0x00000058c1400000,0x00000058c1500000)]
  0x000001c562bd3000 JavaThread "Active Thread: Equinox Container: b09a382d-5576-4c27-9cad-93eabd0956d2" [_thread_blocked, id=1680, stack(0x00000058c1700000,0x00000058c1800000)]
  0x000001c564029800 JavaThread "Framework Event Dispatcher: Equinox Container: b09a382d-5576-4c27-9cad-93eabd0956d2" daemon [_thread_blocked, id=15648, stack(0x00000058c1800000,0x00000058c1900000)]
  0x000001c563eab800 JavaThread "Start Level: Equinox Container: b09a382d-5576-4c27-9cad-93eabd0956d2" daemon [_thread_blocked, id=13500, stack(0x00000058c1900000,0x00000058c1a00000)]
  0x000001c563ede800 JavaThread "SCR Component Actor" daemon [_thread_blocked, id=11416, stack(0x00000058c1a00000,0x00000058c1b00000)]
  0x000001c5640ab800 JavaThread "Worker-JM" [_thread_blocked, id=14868, stack(0x00000058c1d00000,0x00000058c1e00000)]
  0x000001c56498c800 JavaThread "Worker-0" [_thread_blocked, id=6360, stack(0x00000058c1f00000,0x00000058c2000000)]
  0x000001c562b4b000 JavaThread "Worker-1" [_thread_blocked, id=1160, stack(0x00000058c2400000,0x00000058c2500000)]
  0x000001c562b7b000 JavaThread "Worker-2" [_thread_blocked, id=4660, stack(0x00000058c2500000,0x00000058c2600000)]
=>0x000001c56466f800 JavaThread "pool-1-thread-1" [_thread_in_vm, id=13180, stack(0x00000058c1e00000,0x00000058c1f00000)]
  0x000001c56466c800 JavaThread "Worker-3" [_thread_blocked, id=8500, stack(0x00000058c2800000,0x00000058c2900000)]

Other Threads:
  0x000001c547788800 VMThread "VM Thread" [stack: 0x00000058c0b00000,0x00000058c0c00000] [id=11948]
  0x000001c562b03000 WatcherThread [stack: 0x00000058c1600000,0x00000058c1700000] [id=4624]
  0x000001c5476d8800 GCTaskThread "ParGC Thread#0" [stack: 0x00000058c0a00000,0x00000058c0b00000] [id=11360]
  0x000001c563f86000 GCTaskThread "ParGC Thread#1" [stack: 0x00000058c1500000,0x00000058c1600000] [id=4212]
  0x000001c563e86000 GCTaskThread "ParGC Thread#2" [stack: 0x00000058c1b00000,0x00000058c1c00000] [id=12092]
  0x000001c563e86800 GCTaskThread "ParGC Thread#3" [stack: 0x00000058c1c00000,0x00000058c1d00000] [id=15952]
  0x000001c5640d1800 GCTaskThread "ParGC Thread#4" [stack: 0x00000058c2000000,0x00000058c2100000] [id=5776]
  0x000001c5640d2000 GCTaskThread "ParGC Thread#5" [stack: 0x00000058c2100000,0x00000058c2200000] [id=11192]
  0x000001c5640df800 GCTaskThread "ParGC Thread#6" [stack: 0x00000058c2200000,0x00000058c2300000] [id=8492]
  0x000001c5640e0000 GCTaskThread "ParGC Thread#7" [stack: 0x00000058c2300000,0x00000058c2400000] [id=17168]

Threads with active compile tasks:

VM state:not at safepoint (normal execution)

VM Mutex/Monitor currently owned by a thread: None

Heap address: 0x00000000c0000000, size: 1024 MB, Compressed Oops mode: 32-bit
Narrow klass base: 0x0000000000000000, Narrow klass shift: 3
Compressed class space size: 1073741824 Address: 0x0000000100000000

Heap:
 PSYoungGen      total 23552K, used 0K [0x00000000eab00000, 0x00000000ec980000, 0x0000000100000000)
  eden space 22528K, 0% used [0x00000000eab00000,0x00000000eab00000,0x00000000ec100000)
  from space 1024K, 0% used [0x00000000ec380000,0x00000000ec380000,0x00000000ec480000)
  to   space 2560K, 0% used [0x00000000ec700000,0x00000000ec700000,0x00000000ec980000)
 ParOldGen       total 68608K, used 24444K [0x00000000c0000000, 0x00000000c4300000, 0x00000000eab00000)
  object space 68608K, 35% used [0x00000000c0000000,0x00000000c17df080,0x00000000c4300000)
 Metaspace       used 33515K, capacity 35366K, committed 35672K, reserved 1081344K
  class space    used 3203K, capacity 3859K, committed 3928K, reserved 1048576K

Card table byte_map: [0x000001c547080000,0x000001c547290000] _byte_map_base: 0x000001c546a80000

Marking Bits: (ParMarkBitMap*) 0x00007ffb60a1bcf0
 Begin Bits: [0x000001c55ede0000, 0x000001c55fde0000)
 End Bits:   [0x000001c55fde0000, 0x000001c560de0000)

Polling page: 0x000001c545690000

Metaspace:

Usage:
  Non-class:     30.77 MB capacity,    29.60 MB ( 96%) used,     1.09 MB (  4%) free+waste,    74.31 KB ( <1%) overhead. 
      Class:      3.77 MB capacity,     3.13 MB ( 83%) used,   619.53 KB ( 16%) free+waste,    35.75 KB ( <1%) overhead. 
       Both:     34.54 MB capacity,    32.73 MB ( 95%) used,     1.70 MB (  5%) free+waste,   110.06 KB ( <1%) overhead. 

Virtual space:
  Non-class space:       32.00 MB reserved,      31.00 MB ( 97%) committed 
      Class space:        1.00 GB reserved,       3.84 MB ( <1%) committed 
             Both:        1.03 GB reserved,      34.84 MB (  3%) committed 

Chunk freelists:
   Non-Class:  45.00 KB
       Class:  13.00 KB
        Both:  58.00 KB

MaxMetaspaceSize: 17179869184.00 GB
CompressedClassSpaceSize: 1.00 GB
Initial GC threshold: 20.80 MB
Current GC threshold: 57.64 MB
CDS: off

CodeHeap 'non-profiled nmethods': size=120000Kb used=1675Kb max_used=1675Kb free=118324Kb
 bounds [0x000001c5578b0000, 0x000001c557b20000, 0x000001c55ede0000]
CodeHeap 'profiled nmethods': size=120000Kb used=7229Kb max_used=7229Kb free=112770Kb
 bounds [0x000001c550380000, 0x000001c550a90000, 0x000001c5578b0000]
CodeHeap 'non-nmethods': size=5760Kb used=1267Kb max_used=1292Kb free=4493Kb
 bounds [0x000001c54fde0000, 0x000001c550050000, 0x000001c550380000]
 total_blobs=3921 nmethods=3382 adapters=453
 compilation: enabled
              stopped_count=0, restarted_count=0
 full_count=0

Compilation events (20 events):
Event: 13.993 Thread 0x000001c5617de800 3382       1       org.eclipse.osgi.internal.loader.EquinoxClassLoader::getDebug (5 bytes)
Event: 13.993 Thread 0x000001c5617de800 nmethod 3382 0x000001c557a50a10 code [0x000001c557a50bc0, 0x000001c557a50c78]
Event: 13.993 Thread 0x000001c5617dc000 3383       4       java.lang.Module::isNamed (13 bytes)
Event: 13.993 Thread 0x000001c5617dc000 nmethod 3383 0x000001c557a50d10 code [0x000001c557a50ea0, 0x000001c557a50f18]
Event: 13.994 Thread 0x000001c5617de800 3384 % !   3       org.eclipse.jdt.internal.compiler.parser.Parser::readTable @ 101 (145 bytes)
Event: 13.996 Thread 0x000001c5617dc000 3385       4       java.lang.String::<init> (10 bytes)
Event: 13.996 Thread 0x000001c5617de800 nmethod 3384% 0x000001c550a7c790 code [0x000001c550a7cb20, 0x000001c550a7e328]
Event: 13.998 Thread 0x000001c5617dc000 nmethod 3385 0x000001c557a51010 code [0x000001c557a511c0, 0x000001c557a51418]
Event: 13.998 Thread 0x000001c5617dc000 3392   !   4       java.util.concurrent.ConcurrentHashMap::transfer (828 bytes)
Event: 14.000 Thread 0x000001c5617de800 3399 %     3       org.eclipse.jdt.internal.compiler.parser.Parser::computeReverseTable @ 17 (92 bytes)
Event: 14.000 Thread 0x000001c5617de800 nmethod 3399% 0x000001c550a7ed10 code [0x000001c550a7ef00, 0x000001c550a7f4b8]
Event: 14.000 Thread 0x000001c5617de800 3400 %     3       org.eclipse.jdt.internal.compiler.parser.Parser::computeReverseTable @ 51 (92 bytes)
Event: 14.001 Thread 0x000001c5617de800 nmethod 3400% 0x000001c550a7f790 code [0x000001c550a7f980, 0x000001c550a7ff38]
Event: 14.001 Thread 0x000001c5617de800 3401   !   3       org.eclipse.jdt.internal.compiler.parser.Parser::readTable (145 bytes)
Event: 14.002 Thread 0x000001c5617de800 nmethod 3401 0x000001c550a80210 code [0x000001c550a805a0, 0x000001c550a81ce8]
Event: 14.012 Thread 0x000001c5617dc000 nmethod 3392 0x000001c557a51590 code [0x000001c557a51760, 0x000001c557a524f8]
Event: 14.252 Thread 0x000001c5617de800 3402       3       org.eclipse.jdt.core.compiler.CharOperation::isWhitespace (23 bytes)
Event: 14.356 Thread 0x000001c5617de800 nmethod 3402 0x000001c550a82690 code [0x000001c550a82840, 0x000001c550a829f8]
Event: 14.356 Thread 0x000001c5617de800 3403       3       org.eclipse.jdt.internal.compiler.parser.Scanner::internalScanIdentifierOrKeyword (4733 bytes)
Event: 14.363 Thread 0x000001c5617de800 nmethod 3403 0x000001c550a82b10 code [0x000001c550a833e0, 0x000001c550a8d668]

GC Heap History (20 events):
Event: 10.653 GC heap before
{Heap before GC invocations=4 (full 1):
 PSYoungGen      total 29696K, used 25600K [0x00000000eab00000, 0x00000000ecc00000, 0x0000000100000000)
  eden space 25600K, 100% used [0x00000000eab00000,0x00000000ec400000,0x00000000ec400000)
  from space 4096K, 0% used [0x00000000ec800000,0x00000000ec800000,0x00000000ecc00000)
  to   space 4096K, 0% used [0x00000000ec400000,0x00000000ec400000,0x00000000ec800000)
 ParOldGen       total 68608K, used 6266K [0x00000000c0000000, 0x00000000c4300000, 0x00000000eab00000)
  object space 68608K, 9% used [0x00000000c0000000,0x00000000c061e818,0x00000000c4300000)
 Metaspace       used 27240K, capacity 28899K, committed 29184K, reserved 1075200K
  class space    used 2634K, capacity 3218K, committed 3328K, reserved 1048576K
}
Event: 10.654 GC heap after
{Heap after GC invocations=4 (full 1):
 PSYoungGen      total 29696K, used 2332K [0x00000000eab00000, 0x00000000ecc00000, 0x0000000100000000)
  eden space 25600K, 0% used [0x00000000eab00000,0x00000000eab00000,0x00000000ec400000)
  from space 4096K, 56% used [0x00000000ec400000,0x00000000ec647250,0x00000000ec800000)
  to   space 4096K, 0% used [0x00000000ec800000,0x00000000ec800000,0x00000000ecc00000)
 ParOldGen       total 68608K, used 6282K [0x00000000c0000000, 0x00000000c4300000, 0x00000000eab00000)
  object space 68608K, 9% used [0x00000000c0000000,0x00000000c0622830,0x00000000c4300000)
 Metaspace       used 27240K, capacity 28899K, committed 29184K, reserved 1075200K
  class space    used 2634K, capacity 3218K, committed 3328K, reserved 1048576K
}
Event: 12.981 GC heap before
{Heap before GC invocations=5 (full 1):
 PSYoungGen      total 29696K, used 27932K [0x00000000eab00000, 0x00000000ecc00000, 0x0000000100000000)
  eden space 25600K, 100% used [0x00000000eab00000,0x00000000ec400000,0x00000000ec400000)
  from space 4096K, 56% used [0x00000000ec400000,0x00000000ec647250,0x00000000ec800000)
  to   space 4096K, 0% used [0x00000000ec800000,0x00000000ec800000,0x00000000ecc00000)
 ParOldGen       total 68608K, used 6282K [0x00000000c0000000, 0x00000000c4300000, 0x00000000eab00000)
  object space 68608K, 9% used [0x00000000c0000000,0x00000000c0622830,0x00000000c4300000)
 Metaspace       used 30834K, capacity 32587K, committed 32896K, reserved 1079296K
  class space    used 2993K, capacity 3615K, committed 3712K, reserved 1048576K
}
Event: 12.985 GC heap after
{Heap after GC invocations=5 (full 1):
 PSYoungGen      total 29696K, used 4084K [0x00000000eab00000, 0x00000000ecc00000, 0x0000000100000000)
  eden space 25600K, 0% used [0x00000000eab00000,0x00000000eab00000,0x00000000ec400000)
  from space 4096K, 99% used [0x00000000ec800000,0x00000000ecbfd2c8,0x00000000ecc00000)
  to   space 4096K, 0% used [0x00000000ec400000,0x00000000ec400000,0x00000000ec800000)
 ParOldGen       total 68608K, used 6874K [0x00000000c0000000, 0x00000000c4300000, 0x00000000eab00000)
  object space 68608K, 10% used [0x00000000c0000000,0x00000000c06b6830,0x00000000c4300000)
 Metaspace       used 30834K, capacity 32587K, committed 32896K, reserved 1079296K
  class space    used 2993K, capacity 3615K, committed 3712K, reserved 1048576K
}
Event: 13.059 GC heap before
{Heap before GC invocations=6 (full 1):
 PSYoungGen      total 29696K, used 29684K [0x00000000eab00000, 0x00000000ecc00000, 0x0000000100000000)
  eden space 25600K, 100% used [0x00000000eab00000,0x00000000ec400000,0x00000000ec400000)
  from space 4096K, 99% used [0x00000000ec800000,0x00000000ecbfd2c8,0x00000000ecc00000)
  to   space 4096K, 0% used [0x00000000ec400000,0x00000000ec400000,0x00000000ec800000)
 ParOldGen       total 68608K, used 6874K [0x00000000c0000000, 0x00000000c4300000, 0x00000000eab00000)
  object space 68608K, 10% used [0x00000000c0000000,0x00000000c06b6830,0x00000000c4300000)
 Metaspace       used 30912K, capacity 32652K, committed 32896K, reserved 1079296K
  class space    used 2998K, capacity 3615K, committed 3712K, reserved 1048576K
}
Event: 13.064 GC heap after
{Heap after GC invocations=6 (full 1):
 PSYoungGen      total 29184K, used 4089K [0x00000000eab00000, 0x00000000ed180000, 0x0000000100000000)
  eden space 25088K, 0% used [0x00000000eab00000,0x00000000eab00000,0x00000000ec380000)
  from space 4096K, 99% used [0x00000000ec400000,0x00000000ec7fe5f8,0x00000000ec800000)
  to   space 7168K, 0% used [0x00000000eca80000,0x00000000eca80000,0x00000000ed180000)
 ParOldGen       total 68608K, used 9162K [0x00000000c0000000, 0x00000000c4300000, 0x00000000eab00000)
  object space 68608K, 13% used [0x00000000c0000000,0x00000000c08f28c0,0x00000000c4300000)
 Metaspace       used 30912K, capacity 32652K, committed 32896K, reserved 1079296K
  class space    used 2998K, capacity 3615K, committed 3712K, reserved 1048576K
}
Event: 13.154 GC heap before
{Heap before GC invocations=7 (full 1):
 PSYoungGen      total 29184K, used 29177K [0x00000000eab00000, 0x00000000ed180000, 0x0000000100000000)
  eden space 25088K, 100% used [0x00000000eab00000,0x00000000ec380000,0x00000000ec380000)
  from space 4096K, 99% used [0x00000000ec400000,0x00000000ec7fe5f8,0x00000000ec800000)
  to   space 7168K, 0% used [0x00000000eca80000,0x00000000eca80000,0x00000000ed180000)
 ParOldGen       total 68608K, used 9162K [0x00000000c0000000, 0x00000000c4300000, 0x00000000eab00000)
  object space 68608K, 13% used [0x00000000c0000000,0x00000000c08f28c0,0x00000000c4300000)
 Metaspace       used 31015K, capacity 32780K, committed 32896K, reserved 1079296K
  class space    used 3002K, capacity 3615K, committed 3712K, reserved 1048576K
}
Event: 13.159 GC heap after
{Heap after GC invocations=7 (full 1):
 PSYoungGen      total 31232K, used 6525K [0x00000000eab00000, 0x00000000ed100000, 0x0000000100000000)
  eden space 24576K, 0% used [0x00000000eab00000,0x00000000eab00000,0x00000000ec300000)
  from space 6656K, 98% used [0x00000000eca80000,0x00000000ed0df478,0x00000000ed100000)
  to   space 6656K, 0% used [0x00000000ec400000,0x00000000ec400000,0x00000000eca80000)
 ParOldGen       total 68608K, used 9162K [0x00000000c0000000, 0x00000000c4300000, 0x00000000eab00000)
  object space 68608K, 13% used [0x00000000c0000000,0x00000000c08f28c0,0x00000000c4300000)
 Metaspace       used 31015K, capacity 32780K, committed 32896K, reserved 1079296K
  class space    used 3002K, capacity 3615K, committed 3712K, reserved 1048576K
}
Event: 13.359 GC heap before
{Heap before GC invocations=8 (full 1):
 PSYoungGen      total 31232K, used 31101K [0x00000000eab00000, 0x00000000ed100000, 0x0000000100000000)
  eden space 24576K, 100% used [0x00000000eab00000,0x00000000ec300000,0x00000000ec300000)
  from space 6656K, 98% used [0x00000000eca80000,0x00000000ed0df478,0x00000000ed100000)
  to   space 6656K, 0% used [0x00000000ec400000,0x00000000ec400000,0x00000000eca80000)
 ParOldGen       total 68608K, used 9162K [0x00000000c0000000, 0x00000000c4300000, 0x00000000eab00000)
  object space 68608K, 13% used [0x00000000c0000000,0x00000000c08f28c0,0x00000000c4300000)
 Metaspace       used 31171K, capacity 33011K, committed 33152K, reserved 1079296K
  class space    used 3019K, capacity 3649K, committed 3712K, reserved 1048576K
}
Event: 13.365 GC heap after
{Heap after GC invocations=8 (full 1):
 PSYoungGen      total 30720K, used 6654K [0x00000000eab00000, 0x00000000ed680000, 0x0000000100000000)
  eden space 24064K, 0% used [0x00000000eab00000,0x00000000eab00000,0x00000000ec280000)
  from space 6656K, 99% used [0x00000000ec400000,0x00000000eca7fbc8,0x00000000eca80000)
  to   space 10240K, 0% used [0x00000000ecc80000,0x00000000ecc80000,0x00000000ed680000)
 ParOldGen       total 68608K, used 11838K [0x00000000c0000000, 0x00000000c4300000, 0x00000000eab00000)
  object space 68608K, 17% used [0x00000000c0000000,0x00000000c0b8fb08,0x00000000c4300000)
 Metaspace       used 31171K, capacity 33011K, committed 33152K, reserved 1079296K
  class space    used 3019K, capacity 3649K, committed 3712K, reserved 1048576K
}
Event: 13.407 GC heap before
{Heap before GC invocations=9 (full 1):
 PSYoungGen      total 30720K, used 30718K [0x00000000eab00000, 0x00000000ed680000, 0x0000000100000000)
  eden space 24064K, 100% used [0x00000000eab00000,0x00000000ec280000,0x00000000ec280000)
  from space 6656K, 99% used [0x00000000ec400000,0x00000000eca7fbc8,0x00000000eca80000)
  to   space 10240K, 0% used [0x00000000ecc80000,0x00000000ecc80000,0x00000000ed680000)
 ParOldGen       total 68608K, used 11838K [0x00000000c0000000, 0x00000000c4300000, 0x00000000eab00000)
  object space 68608K, 17% used [0x00000000c0000000,0x00000000c0b8fb08,0x00000000c4300000)
 Metaspace       used 31197K, capacity 33075K, committed 33152K, reserved 1079296K
  class space    used 3022K, capacity 3649K, committed 3712K, reserved 1048576K
}
Event: 13.413 GC heap after
{Heap after GC invocations=9 (full 1):
 PSYoungGen      total 31232K, used 7666K [0x00000000eab00000, 0x00000000ed400000, 0x0000000100000000)
  eden space 23552K, 0% used [0x00000000eab00000,0x00000000eab00000,0x00000000ec200000)
  from space 7680K, 99% used [0x00000000ecc80000,0x00000000ed3fcb28,0x00000000ed400000)
  to   space 8704K, 0% used [0x00000000ec300000,0x00000000ec300000,0x00000000ecb80000)
 ParOldGen       total 68608K, used 13571K [0x00000000c0000000, 0x00000000c4300000, 0x00000000eab00000)
  object space 68608K, 19% used [0x00000000c0000000,0x00000000c0d40d80,0x00000000c4300000)
 Metaspace       used 31197K, capacity 33075K, committed 33152K, reserved 1079296K
  class space    used 3022K, capacity 3649K, committed 3712K, reserved 1048576K
}
Event: 13.482 GC heap before
{Heap before GC invocations=10 (full 1):
 PSYoungGen      total 31232K, used 31218K [0x00000000eab00000, 0x00000000ed400000, 0x0000000100000000)
  eden space 23552K, 100% used [0x00000000eab00000,0x00000000ec200000,0x00000000ec200000)
  from space 7680K, 99% used [0x00000000ecc80000,0x00000000ed3fcb28,0x00000000ed400000)
  to   space 8704K, 0% used [0x00000000ec300000,0x00000000ec300000,0x00000000ecb80000)
 ParOldGen       total 68608K, used 13571K [0x00000000c0000000, 0x00000000c4300000, 0x00000000eab00000)
  object space 68608K, 19% used [0x00000000c0000000,0x00000000c0d40d80,0x00000000c4300000)
 Metaspace       used 31311K, capacity 33203K, committed 33408K, reserved 1079296K
  class space    used 3033K, capacity 3649K, committed 3712K, reserved 1048576K
}
Event: 13.488 GC heap after
{Heap after GC invocations=10 (full 1):
 PSYoungGen      total 29184K, used 6016K [0x00000000eab00000, 0x00000000ecf80000, 0x0000000100000000)
  eden space 23040K, 0% used [0x00000000eab00000,0x00000000eab00000,0x00000000ec180000)
  from space 6144K, 97% used [0x00000000ec300000,0x00000000ec8e0010,0x00000000ec900000)
  to   space 6656K, 0% used [0x00000000ec900000,0x00000000ec900000,0x00000000ecf80000)
 ParOldGen       total 68608K, used 16778K [0x00000000c0000000, 0x00000000c4300000, 0x00000000eab00000)
  object space 68608K, 24% used [0x00000000c0000000,0x00000000c10628e0,0x00000000c4300000)
 Metaspace       used 31311K, capacity 33203K, committed 33408K, reserved 1079296K
  class space    used 3033K, capacity 3649K, committed 3712K, reserved 1048576K
}
Event: 13.840 GC heap before
{Heap before GC invocations=11 (full 1):
 PSYoungGen      total 29184K, used 29056K [0x00000000eab00000, 0x00000000ecf80000, 0x0000000100000000)
  eden space 23040K, 100% used [0x00000000eab00000,0x00000000ec180000,0x00000000ec180000)
  from space 6144K, 97% used [0x00000000ec300000,0x00000000ec8e0010,0x00000000ec900000)
  to   space 6656K, 0% used [0x00000000ec900000,0x00000000ec900000,0x00000000ecf80000)
 ParOldGen       total 68608K, used 16778K [0x00000000c0000000, 0x00000000c4300000, 0x00000000eab00000)
  object space 68608K, 24% used [0x00000000c0000000,0x00000000c10628e0,0x00000000c4300000)
 Metaspace       used 32035K, capacity 33830K, committed 34048K, reserved 1079296K
  class space    used 3092K, capacity 3731K, committed 3840K, reserved 1048576K
}
Event: 13.846 GC heap after
{Heap after GC invocations=11 (full 1):
 PSYoungGen      total 27136K, used 4368K [0x00000000eab00000, 0x00000000ecd80000, 0x0000000100000000)
  eden space 22528K, 0% used [0x00000000eab00000,0x00000000eab00000,0x00000000ec100000)
  from space 4608K, 94% used [0x00000000ec900000,0x00000000ecd44010,0x00000000ecd80000)
  to   space 5120K, 0% used [0x00000000ec380000,0x00000000ec380000,0x00000000ec880000)
 ParOldGen       total 68608K, used 20890K [0x00000000c0000000, 0x00000000c4300000, 0x00000000eab00000)
  object space 68608K, 30% used [0x00000000c0000000,0x00000000c1466820,0x00000000c4300000)
 Metaspace       used 32035K, capacity 33830K, committed 34048K, reserved 1079296K
  class space    used 3092K, capacity 3731K, committed 3840K, reserved 1048576K
}
Event: 14.252 GC heap before
{Heap before GC invocations=12 (full 1):
 PSYoungGen      total 27136K, used 8274K [0x00000000eab00000, 0x00000000ecd80000, 0x0000000100000000)
  eden space 22528K, 17% used [0x00000000eab00000,0x00000000eaed0ac0,0x00000000ec100000)
  from space 4608K, 94% used [0x00000000ec900000,0x00000000ecd44010,0x00000000ecd80000)
  to   space 5120K, 0% used [0x00000000ec380000,0x00000000ec380000,0x00000000ec880000)
 ParOldGen       total 68608K, used 20890K [0x00000000c0000000, 0x00000000c4300000, 0x00000000eab00000)
  object space 68608K, 30% used [0x00000000c0000000,0x00000000c1466820,0x00000000c4300000)
 Metaspace       used 33499K, capacity 35302K, committed 35416K, reserved 1081344K
  class space    used 3203K, capacity 3859K, committed 3928K, reserved 1048576K
}
Event: 14.256 GC heap after
{Heap after GC invocations=12 (full 1):
 PSYoungGen      total 23552K, used 630K [0x00000000eab00000, 0x00000000ec980000, 0x0000000100000000)
  eden space 22528K, 0% used [0x00000000eab00000,0x00000000eab00000,0x00000000ec100000)
  from space 1024K, 61% used [0x00000000ec380000,0x00000000ec41dba0,0x00000000ec480000)
  to   space 2560K, 0% used [0x00000000ec700000,0x00000000ec700000,0x00000000ec980000)
 ParOldGen       total 68608K, used 25172K [0x00000000c0000000, 0x00000000c4300000, 0x00000000eab00000)
  object space 68608K, 36% used [0x00000000c0000000,0x00000000c1895318,0x00000000c4300000)
 Metaspace       used 33499K, capacity 35302K, committed 35416K, reserved 1081344K
  class space    used 3203K, capacity 3859K, committed 3928K, reserved 1048576K
}
Event: 14.256 GC heap before
{Heap before GC invocations=13 (full 2):
 PSYoungGen      total 23552K, used 630K [0x00000000eab00000, 0x00000000ec980000, 0x0000000100000000)
  eden space 22528K, 0% used [0x00000000eab00000,0x00000000eab00000,0x00000000ec100000)
  from space 1024K, 61% used [0x00000000ec380000,0x00000000ec41dba0,0x00000000ec480000)
  to   space 2560K, 0% used [0x00000000ec700000,0x00000000ec700000,0x00000000ec980000)
 ParOldGen       total 68608K, used 25172K [0x00000000c0000000, 0x00000000c4300000, 0x00000000eab00000)
  object space 68608K, 36% used [0x00000000c0000000,0x00000000c1895318,0x00000000c4300000)
 Metaspace       used 33499K, capacity 35302K, committed 35416K, reserved 1081344K
  class space    used 3203K, capacity 3859K, committed 3928K, reserved 1048576K
}
Event: 14.356 GC heap after
{Heap after GC invocations=13 (full 2):
 PSYoungGen      total 23552K, used 0K [0x00000000eab00000, 0x00000000ec980000, 0x0000000100000000)
  eden space 22528K, 0% used [0x00000000eab00000,0x00000000eab00000,0x00000000ec100000)
  from space 1024K, 0% used [0x00000000ec380000,0x00000000ec380000,0x00000000ec480000)
  to   space 2560K, 0% used [0x00000000ec700000,0x00000000ec700000,0x00000000ec980000)
 ParOldGen       total 68608K, used 24444K [0x00000000c0000000, 0x00000000c4300000, 0x00000000eab00000)
  object space 68608K, 35% used [0x00000000c0000000,0x00000000c17df080,0x00000000c4300000)
 Metaspace       used 33499K, capacity 35302K, committed 35416K, reserved 1081344K
  class space    used 3203K, capacity 3859K, committed 3928K, reserved 1048576K
}

Deoptimization events (20 events):
Event: 13.821 Thread 0x000001c56466f800 DEOPT PACKING pc=0x000001c557a402ac sp=0x00000058c1efdaf0
Event: 13.821 Thread 0x000001c56466f800 DEOPT UNPACKING pc=0x000001c54fde85af sp=0x00000058c1efda10 mode 2
Event: 13.821 Thread 0x000001c56466f800 Uncommon trap: trap_request=0xffffffbe fr.pc=0x000001c557a402ac relative=0x00000000000006ac
Event: 13.821 Thread 0x000001c56466f800 Uncommon trap: reason=profile_predicate action=maybe_recompile pc=0x000001c557a402ac method=java.util.TreeMap.getEntryUsingComparator(Ljava/lang/Object;)Ljava/util/TreeMap$Entry; @ 19 c2
Event: 13.821 Thread 0x000001c56466f800 DEOPT PACKING pc=0x000001c557a402ac sp=0x00000058c1efdaf0
Event: 13.821 Thread 0x000001c56466f800 DEOPT UNPACKING pc=0x000001c54fde85af sp=0x00000058c1efda10 mode 2
Event: 13.821 Thread 0x000001c56466f800 Uncommon trap: trap_request=0xffffffbe fr.pc=0x000001c557a41594 relative=0x0000000000000614
Event: 13.821 Thread 0x000001c56466f800 Uncommon trap: reason=profile_predicate action=maybe_recompile pc=0x000001c557a41594 method=java.util.TreeMap.getEntryUsingComparator(Ljava/lang/Object;)Ljava/util/TreeMap$Entry; @ 19 c2
Event: 13.821 Thread 0x000001c56466f800 DEOPT PACKING pc=0x000001c557a41594 sp=0x00000058c1efda50
Event: 13.821 Thread 0x000001c56466f800 DEOPT UNPACKING pc=0x000001c54fde85af sp=0x00000058c1efda00 mode 2
Event: 13.847 Thread 0x000001c56466f800 Uncommon trap: trap_request=0xffffff4d fr.pc=0x000001c557a0d234 relative=0x0000000000000d34
Event: 13.847 Thread 0x000001c56466f800 Uncommon trap: reason=unstable_if action=reinterpret pc=0x000001c557a0d234 method=java.util.Properties$LineReader.readLine()I @ 295 c2
Event: 13.847 Thread 0x000001c56466f800 DEOPT PACKING pc=0x000001c557a0d234 sp=0x00000058c1efd150
Event: 13.847 Thread 0x000001c56466f800 DEOPT UNPACKING pc=0x000001c54fde85af sp=0x00000058c1efd0e0 mode 2
Event: 13.847 Thread 0x000001c56466f800 Uncommon trap: trap_request=0xffffff7e fr.pc=0x000001c557950d2c relative=0x0000000000000eac
Event: 13.847 Thread 0x000001c56466f800 Uncommon trap: reason=predicate action=maybe_recompile pc=0x000001c557950d2c method=java.util.Properties$LineReader.readLine()I @ 53 c2
Event: 13.847 Thread 0x000001c56466f800 DEOPT PACKING pc=0x000001c557950d2c sp=0x00000058c1efd150
Event: 13.847 Thread 0x000001c56466f800 DEOPT UNPACKING pc=0x000001c54fde85af sp=0x00000058c1efd100 mode 2
Event: 13.997 Thread 0x000001c56466f800 DEOPT PACKING pc=0x000001c55098c4cc sp=0x00000058c1efcb70
Event: 13.997 Thread 0x000001c56466f800 DEOPT UNPACKING pc=0x000001c54fe29d0e sp=0x00000058c1efc090 mode 0

Classes redefined (0 events):
No events

Internal exceptions (20 events):
Event: 13.668 Thread 0x000001c56466f800 Exception <a 'sun/nio/fs/WindowsException'{0x00000000ebe9ef20}> (0x00000000ebe9ef20) thrown at [./src/hotspot/share/prims/jni.cpp, line 615]
Event: 13.671 Thread 0x000001c56466f800 Exception <a 'sun/nio/fs/WindowsException'{0x00000000ebea9fe8}> (0x00000000ebea9fe8) thrown at [./src/hotspot/share/prims/jni.cpp, line 615]
Event: 13.680 Thread 0x000001c56466f800 Exception <a 'sun/nio/fs/WindowsException'{0x00000000ebebb6c8}> (0x00000000ebebb6c8) thrown at [./src/hotspot/share/prims/jni.cpp, line 615]
Event: 13.702 Thread 0x000001c56466f800 Exception <a 'sun/nio/fs/WindowsException'{0x00000000ebf09e38}> (0x00000000ebf09e38) thrown at [./src/hotspot/share/prims/jni.cpp, line 615]
Event: 13.708 Thread 0x000001c56466f800 Exception <a 'sun/nio/fs/WindowsException'{0x00000000ebf2aef8}> (0x00000000ebf2aef8) thrown at [./src/hotspot/share/prims/jni.cpp, line 615]
Event: 13.710 Thread 0x000001c56466f800 Exception <a 'sun/nio/fs/WindowsException'{0x00000000ebf31140}> (0x00000000ebf31140) thrown at [./src/hotspot/share/prims/jni.cpp, line 615]
Event: 13.711 Thread 0x000001c56466f800 Exception <a 'sun/nio/fs/WindowsException'{0x00000000ebf36df0}> (0x00000000ebf36df0) thrown at [./src/hotspot/share/prims/jni.cpp, line 615]
Event: 13.712 Thread 0x000001c56466f800 Exception <a 'sun/nio/fs/WindowsException'{0x00000000ebf3cd00}> (0x00000000ebf3cd00) thrown at [./src/hotspot/share/prims/jni.cpp, line 615]
Event: 13.716 Thread 0x000001c56466f800 Exception <a 'sun/nio/fs/WindowsException'{0x00000000ebf48ed0}> (0x00000000ebf48ed0) thrown at [./src/hotspot/share/prims/jni.cpp, line 615]
Event: 13.721 Thread 0x000001c56466f800 Exception <a 'sun/nio/fs/WindowsException'{0x00000000ebf5ada8}> (0x00000000ebf5ada8) thrown at [./src/hotspot/share/prims/jni.cpp, line 615]
Event: 13.721 Thread 0x000001c56466f800 Exception <a 'sun/nio/fs/WindowsException'{0x00000000ebf5c900}> (0x00000000ebf5c900) thrown at [./src/hotspot/share/prims/jni.cpp, line 615]
Event: 13.721 Thread 0x000001c56466f800 Exception <a 'sun/nio/fs/WindowsException'{0x00000000ebf5d0c0}> (0x00000000ebf5d0c0) thrown at [./src/hotspot/share/prims/jni.cpp, line 615]
Event: 13.721 Thread 0x000001c56466f800 Exception <a 'sun/nio/fs/WindowsException'{0x00000000ebf5d4e0}> (0x00000000ebf5d4e0) thrown at [./src/hotspot/share/prims/jni.cpp, line 615]
Event: 13.722 Thread 0x000001c56466f800 Exception <a 'sun/nio/fs/WindowsException'{0x00000000ebf5e1e8}> (0x00000000ebf5e1e8) thrown at [./src/hotspot/share/prims/jni.cpp, line 615]
Event: 13.727 Thread 0x000001c56466f800 Exception <a 'java/io/FileNotFoundException'{0x00000000ebf66fb0}> (0x00000000ebf66fb0) thrown at [./src/hotspot/share/prims/jni.cpp, line 615]
Event: 13.733 Thread 0x000001c56466f800 Exception <a 'java/io/FileNotFoundException'{0x00000000ebf7dee8}> (0x00000000ebf7dee8) thrown at [./src/hotspot/share/prims/jni.cpp, line 615]
Event: 13.734 Thread 0x000001c56466f800 Exception <a 'sun/nio/fs/WindowsException'{0x00000000ebf856a0}> (0x00000000ebf856a0) thrown at [./src/hotspot/share/prims/jni.cpp, line 615]
Event: 13.744 Thread 0x000001c56466f800 Exception <a 'sun/nio/fs/WindowsException'{0x00000000ebfab8b0}> (0x00000000ebfab8b0) thrown at [./src/hotspot/share/prims/jni.cpp, line 615]
Event: 13.751 Thread 0x000001c56466f800 Exception <a 'sun/nio/fs/WindowsException'{0x00000000ebfcb548}> (0x00000000ebfcb548) thrown at [./src/hotspot/share/prims/jni.cpp, line 615]
Event: 13.847 Thread 0x000001c56466f800 Implicit null exception at 0x000001c55794ff89 to 0x000001c557950ce0

Events (20 events):
Event: 13.828 Executing VM operation: RevokeBias done
Event: 13.828 Executing VM operation: RevokeBias
Event: 13.828 Executing VM operation: RevokeBias done
Event: 13.828 Executing VM operation: RevokeBias
Event: 13.828 Executing VM operation: RevokeBias done
Event: 13.829 Executing VM operation: RevokeBias
Event: 13.829 Executing VM operation: RevokeBias done
Event: 13.838 loading class org/eclipse/jdt/internal/compiler/problem/messages
Event: 13.838 loading class org/eclipse/jdt/internal/compiler/problem/messages done
Event: 13.840 Executing VM operation: ParallelGCFailedAllocation
Event: 13.846 Executing VM operation: ParallelGCFailedAllocation done
Event: 13.855 loading class org/eclipse/jdt/internal/compiler/problem/messages_es
Event: 13.855 loading class org/eclipse/jdt/internal/compiler/problem/messages_es done
Event: 13.855 loading class org/eclipse/jdt/internal/compiler/problem/messages_es_MX
Event: 13.855 loading class org/eclipse/jdt/internal/compiler/problem/messages_es_MX done
Event: 13.993 Thread 0x000001c563a6b000 Thread exited: 0x000001c563a6b000
Event: 14.243 Executing VM operation: Deoptimize
Event: 14.243 Executing VM operation: Deoptimize done
Event: 14.252 Executing VM operation: CollectForMetadataAllocation
Event: 14.356 Executing VM operation: CollectForMetadataAllocation done


Dynamic libraries:
0x00007ff626120000 - 0x00007ff62612d000 	C:\Program Files\Eclipse Foundation\jdk-11.0.12.7-hotspot\bin\java.exe
0x00007ffbc9da0000 - 0x00007ffbc9fa7000 	C:\WINDOWS\SYSTEM32\ntdll.dll
0x00007ffbc8bd0000 - 0x00007ffbc8c8d000 	C:\WINDOWS\System32\KERNEL32.DLL
0x00007ffbc75a0000 - 0x00007ffbc7914000 	C:\WINDOWS\System32\KERNELBASE.dll
0x00007ffbc7b10000 - 0x00007ffbc7c21000 	C:\WINDOWS\System32\ucrtbase.dll
0x00007ffba2c60000 - 0x00007ffba2c77000 	C:\Program Files\Eclipse Foundation\jdk-11.0.12.7-hotspot\bin\jli.dll
0x00007ffbc9ad0000 - 0x00007ffbc9c7c000 	C:\WINDOWS\System32\USER32.dll
0x00007ffbc72f0000 - 0x00007ffbc7316000 	C:\WINDOWS\System32\win32u.dll
0x00007ffbc9160000 - 0x00007ffbc9189000 	C:\WINDOWS\System32\GDI32.dll
0x00007ffbc73c0000 - 0x00007ffbc74d2000 	C:\WINDOWS\System32\gdi32full.dll
0x00007ffbc7320000 - 0x00007ffbc73bd000 	C:\WINDOWS\System32\msvcp_win.dll
0x00007ffbb12f0000 - 0x00007ffbb1595000 	C:\WINDOWS\WinSxS\amd64_microsoft.windows.common-controls_6595b64144ccf1df_6.0.22000.120_none_9d947278b86cc467\COMCTL32.dll
0x00007ffbc7c80000 - 0x00007ffbc7d23000 	C:\WINDOWS\System32\msvcrt.dll
0x00007ffb9c8f0000 - 0x00007ffb9c905000 	C:\Program Files\Eclipse Foundation\jdk-11.0.12.7-hotspot\bin\VCRUNTIME140.dll
0x00007ffbc7c40000 - 0x00007ffbc7c71000 	C:\WINDOWS\System32\IMM32.DLL
0x00007ffb9c850000 - 0x00007ffb9c8eb000 	C:\Program Files\Eclipse Foundation\jdk-11.0.12.7-hotspot\bin\msvcp140.dll
0x00007ffb5ff80000 - 0x00007ffb60ad9000 	C:\Program Files\Eclipse Foundation\jdk-11.0.12.7-hotspot\bin\server\jvm.dll
0x00007ffbc8b20000 - 0x00007ffbc8bcc000 	C:\WINDOWS\System32\ADVAPI32.dll
0x00007ffbc92c0000 - 0x00007ffbc935d000 	C:\WINDOWS\System32\sechost.dll
0x00007ffbc9190000 - 0x00007ffbc92b1000 	C:\WINDOWS\System32\RPCRT4.dll
0x00007ffbc8f50000 - 0x00007ffbc8f58000 	C:\WINDOWS\System32\PSAPI.DLL
0x00007ffbafa10000 - 0x00007ffbafa19000 	C:\WINDOWS\SYSTEM32\WSOCK32.dll
0x00007ffbb5900000 - 0x00007ffbb5933000 	C:\WINDOWS\SYSTEM32\WINMM.dll
0x00007ffbc7d30000 - 0x00007ffbc7d9f000 	C:\WINDOWS\System32\WS2_32.dll
0x00007ffbbece0000 - 0x00007ffbbecea000 	C:\WINDOWS\SYSTEM32\VERSION.dll
0x00007ffbc63a0000 - 0x00007ffbc63b8000 	C:\WINDOWS\SYSTEM32\kernel.appcore.dll
0x00007ffbaf9b0000 - 0x00007ffbaf9c0000 	C:\Program Files\Eclipse Foundation\jdk-11.0.12.7-hotspot\bin\verify.dll
0x00007ffbc1de0000 - 0x00007ffbc2001000 	C:\WINDOWS\SYSTEM32\DBGHELP.DLL
0x00007ffbb5680000 - 0x00007ffbb56b1000 	C:\WINDOWS\SYSTEM32\dbgcore.DLL
0x00007ffbc7920000 - 0x00007ffbc79a0000 	C:\WINDOWS\System32\bcryptPrimitives.dll
0x00007ffb9c820000 - 0x00007ffb9c848000 	C:\Program Files\Eclipse Foundation\jdk-11.0.12.7-hotspot\bin\java.dll
0x00007ffbaf750000 - 0x00007ffbaf75a000 	C:\Program Files\Eclipse Foundation\jdk-11.0.12.7-hotspot\bin\jimage.dll
0x00007ffb9c800000 - 0x00007ffb9c817000 	C:\Program Files\Eclipse Foundation\jdk-11.0.12.7-hotspot\bin\zip.dll
0x00007ffbc7f60000 - 0x00007ffbc870a000 	C:\WINDOWS\System32\SHELL32.dll
0x00007ffbc53f0000 - 0x00007ffbc5c52000 	C:\WINDOWS\SYSTEM32\windows.storage.dll
0x00007ffbc8790000 - 0x00007ffbc8b08000 	C:\WINDOWS\System32\combase.dll
0x00007ffbc5200000 - 0x00007ffbc5366000 	C:\WINDOWS\SYSTEM32\wintypes.dll
0x00007ffbc9970000 - 0x00007ffbc9a5a000 	C:\WINDOWS\System32\SHCORE.dll
0x00007ffbc90a0000 - 0x00007ffbc90fd000 	C:\WINDOWS\System32\shlwapi.dll
0x00007ffbc71b0000 - 0x00007ffbc71d1000 	C:\WINDOWS\SYSTEM32\profapi.dll
0x00007ffb9c7e0000 - 0x00007ffb9c7f9000 	C:\Program Files\Eclipse Foundation\jdk-11.0.12.7-hotspot\bin\net.dll
0x00007ffbbd750000 - 0x00007ffbbd85c000 	C:\WINDOWS\SYSTEM32\WINHTTP.dll
0x00007ffbc67b0000 - 0x00007ffbc6817000 	C:\WINDOWS\system32\mswsock.dll
0x00007ffb9c7c0000 - 0x00007ffb9c7d2000 	C:\Program Files\Eclipse Foundation\jdk-11.0.12.7-hotspot\bin\nio.dll
0x00007ffbc6a00000 - 0x00007ffbc6a18000 	C:\WINDOWS\SYSTEM32\CRYPTSP.dll
0x00007ffbc6300000 - 0x00007ffbc6335000 	C:\WINDOWS\system32\rsaenh.dll
0x00007ffbc68a0000 - 0x00007ffbc68c9000 	C:\WINDOWS\SYSTEM32\USERENV.dll
0x00007ffbc6b70000 - 0x00007ffbc6b97000 	C:\WINDOWS\SYSTEM32\bcrypt.dll
0x00007ffbc69f0000 - 0x00007ffbc69fc000 	C:\WINDOWS\SYSTEM32\CRYPTBASE.dll
0x00007ffbc5ee0000 - 0x00007ffbc5f0d000 	C:\WINDOWS\SYSTEM32\IPHLPAPI.DLL
0x00007ffbc8c90000 - 0x00007ffbc8c99000 	C:\WINDOWS\System32\NSI.dll
0x00007ffbbd3a0000 - 0x00007ffbbd3b9000 	C:\WINDOWS\SYSTEM32\dhcpcsvc6.DLL
0x00007ffbbdc00000 - 0x00007ffbbdc1e000 	C:\WINDOWS\SYSTEM32\dhcpcsvc.DLL
0x00007ffbc5f50000 - 0x00007ffbc6037000 	C:\WINDOWS\SYSTEM32\DNSAPI.dll
0x00007ffb95490000 - 0x00007ffb954ce000 	C:\Users\theiv\AppData\Roaming\Code\User\globalStorage\redhat.java\1.1.0\config_ss_win\org.eclipse.equinox.launcher\org.eclipse.equinox.launcher.win32.win32.x86_64_1.2.400.v20211116-1129\eclipse_11601.dll
0x00007ffbc7da0000 - 0x00007ffbc7f3a000 	C:\WINDOWS\System32\ole32.dll
0x00007ffb9bca0000 - 0x00007ffb9bcb1000 	C:\Users\theiv\AppData\Roaming\Code\User\globalStorage\redhat.java\1.1.0\config_ss_win\org.eclipse.osgi\16\0\.cp\jWinHttp-1.0.0.dll

dbghelp: loaded successfully - version: 4.0.5 - missing functions: none
symbol engine: initialized successfully - sym options: 0x614 - pdb path: .;C:\Program Files\Eclipse Foundation\jdk-11.0.12.7-hotspot\bin;C:\WINDOWS\SYSTEM32;C:\WINDOWS\WinSxS\amd64_microsoft.windows.common-controls_6595b64144ccf1df_6.0.22000.120_none_9d947278b86cc467;C:\Program Files\Eclipse Foundation\jdk-11.0.12.7-hotspot\bin\server;C:\Users\theiv\AppData\Roaming\Code\User\globalStorage\redhat.java\1.1.0\config_ss_win\org.eclipse.equinox.launcher\org.eclipse.equinox.launcher.win32.win32.x86_64_1.2.400.v20211116-1129;C:\Users\theiv\AppData\Roaming\Code\User\globalStorage\redhat.java\1.1.0\config_ss_win\org.eclipse.osgi\16\0\.cp

VM Arguments:
jvm_args: --add-modules=ALL-SYSTEM --add-opens=java.base/java.util=ALL-UNNAMED --add-opens=java.base/java.lang=ALL-UNNAMED -Declipse.application=org.eclipse.jdt.ls.core.id1 -Dosgi.bundles.defaultStartLevel=4 -Declipse.product=org.eclipse.jdt.ls.core.product -Djava.import.generatesMetadataFilesAtProjectRoot=false -Dfile.encoding=utf8 -DwatchParentProcess=false -XX:+UseParallelGC -XX:GCTimeRatio=4 -XX:AdaptiveSizePolicyWeight=90 -Dsun.zip.disableMemoryMapping=true -Xmx1G -Xms100m -Xverify:none 
java_command: c:\Users\theiv\.vscode\extensions\redhat.java-1.1.0\server\plugins\org.eclipse.equinox.launcher_1.6.400.v20210924-0641.jar -configuration c:\Users\theiv\AppData\Roaming\Code\User\globalStorage\redhat.java\1.1.0\config_ss_win -data c:\Users\theiv\AppData\Roaming\Code\User\workspaceStorage\c9ce59cf0327ba72e3c3a721fcae47cb\redhat.java\ss_ws
java_class_path (initial): c:\Users\theiv\.vscode\extensions\redhat.java-1.1.0\server\plugins\org.eclipse.equinox.launcher_1.6.400.v20210924-0641.jar
Launcher Type: SUN_STANDARD

[Global flags]
    uintx AdaptiveSizePolicyWeight                 = 90                                        {product} {command line}
     bool BytecodeVerificationLocal                = false                                     {product} {command line}
     bool BytecodeVerificationRemote               = false                                     {product} {command line}
     intx CICompilerCount                          = 4                                         {product} {ergonomic}
    uintx GCTimeRatio                              = 4                                         {product} {command line}
   size_t InitialHeapSize                          = 104857600                                 {product} {command line}
   size_t MaxHeapSize                              = 1073741824                                {product} {command line}
   size_t MaxNewSize                               = 357564416                                 {product} {ergonomic}
   size_t MinHeapDeltaBytes                        = 524288                                    {product} {ergonomic}
   size_t NewSize                                  = 34603008                                  {product} {ergonomic}
    uintx NonNMethodCodeHeapSize                   = 5836300                                {pd product} {ergonomic}
    uintx NonProfiledCodeHeapSize                  = 122910970                              {pd product} {ergonomic}
   size_t OldSize                                  = 70254592                                  {product} {ergonomic}
    uintx ProfiledCodeHeapSize                     = 122910970                              {pd product} {ergonomic}
    uintx ReservedCodeCacheSize                    = 251658240                              {pd product} {ergonomic}
     bool SegmentedCodeCache                       = true                                      {product} {ergonomic}
     bool UseCompressedClassPointers               = true                                 {lp64_product} {ergonomic}
     bool UseCompressedOops                        = true                                 {lp64_product} {ergonomic}
     bool UseLargePagesIndividualAllocation        = false                                  {pd product} {ergonomic}
     bool UseParallelGC                            = true                                      {product} {command line}

Logging:
Log output configuration:
 #0: stdout all=warning uptime,level,tags
 #1: stderr all=off uptime,level,tags

Environment Variables:
JAVA_HOME=C:\Program Files\Java\jdk1.8.0_152
PATH=C:\Program Files\Eclipse Foundation\jdk-11.0.12.7-hotspot\bin;C:\ProgramData\Oracle\Java\javapath;C:\Program Files (x86)\Common Files\Oracle\Java\javapath;C:\WINDOWS\system32;C:\WINDOWS;C:\WINDOWS\System32\Wbem;C:\WINDOWS\System32\WindowsPowerShell\v1.0\;C:\WINDOWS\System32\OpenSSH\;C:\Program Files\Oracle\Java\javapath;C:\Program Files\Java\jre1.8.0_24\bin;C:\Program Files\Java\jdk1.8.0_152\bin;C:\Program Files\Git\cmd;C:\Users\theiv\AppData\Local\Programs\Python\Python38-32\Scripts\;C:\Users\theiv\AppData\Local\Programs\Python\Python38-32\;C:\Users\theiv\AppData\Local\Microsoft\WindowsApps;C:\Users\theiv\AppData\Local\Programs\Microsoft VS Code\bin;C:\apache-maven-3.6.3\bin;C:\Program Files\heroku\bin
USERNAME=theiv
OS=Windows_NT
PROCESSOR_IDENTIFIER=Intel64 Family 6 Model 126 Stepping 5, GenuineIntel



---------------  S Y S T E M  ---------------

OS: Windows 10 , 64 bit Build 22000 (10.0.22000.318)
OS uptime: 1 days 8:51 hours

CPU:total 8 (initial active 8) (4 cores per cpu, 2 threads per core) family 6 model 126 stepping 5 microcode 0xa6, cmov, cx8, fxsr, mmx, sse, sse2, sse3, ssse3, sse4.1, sse4.2, popcnt, avx, avx2, aes, clmul, erms, 3dnowpref, lzcnt, ht, tsc, tscinvbit, bmi1, bmi2, adx, evex, sha, fma

Memory: 4k page, system-wide physical 12069M (6278M free)
TotalPageFile size 20261M (AvailPageFile size 12257M)
current process WorkingSet (physical memory assigned to process): 158M, peak: 161M
current process commit charge ("private bytes"): 250M, peak: 262M

vm_info: OpenJDK 64-Bit Server VM (11.0.12+7) for windows-amd64 JRE (11.0.12+7), built on Jul 21 2021 16:23:49 by "" with unknown MS VC++:1916

END.
